TN:
SF:src\common\calc.js
FN:1,Soma
FN:5,Sub
FN:9,Mult
FN:13,Div
FNF:4
FNH:4
FNDA:1,Soma
FNDA:1,Sub
FNDA:1,Mult
FNDA:1,Div
DA:2,1
DA:6,1
DA:10,1
DA:14,1
DA:17,1
LF:5
LH:5
BRF:0
BRH:0
end_of_record
TN:
SF:src\common\cpf.js
FN:1,validaCpf
FNF:1
FNH:1
FNDA:5,validaCpf
DA:2,5
DA:4,5
DA:6,5
DA:7,0
DA:9,5
DA:11,5
DA:12,11
DA:13,4
DA:14,7
DA:15,1
DA:18,5
DA:19,1
DA:21,4
DA:23,4
DA:24,4
DA:25,4
DA:27,0
DA:28,0
DA:32,4
DA:34,4
DA:35,0
DA:39,4
DA:41,4
DA:42,36
DA:45,4
DA:47,4
DA:48,2
DA:49,0
DA:51,2
DA:52,1
DA:54,3
DA:56,3
DA:57,30
DA:60,3
DA:62,3
DA:63,2
DA:64,1
DA:66,1
DA:67,1
DA:69,1
DA:72,1
LF:41
LH:36
BRDA:2,0,0,0
BRDA:2,0,1,5
BRDA:6,1,0,0
BRDA:6,1,1,5
BRDA:12,2,0,4
BRDA:12,2,1,7
BRDA:14,3,0,1
BRDA:14,3,1,6
BRDA:18,4,0,1
BRDA:18,4,1,4
BRDA:24,5,0,4
BRDA:24,5,1,0
BRDA:27,6,0,0
BRDA:27,6,1,0
BRDA:34,7,0,0
BRDA:34,7,1,4
BRDA:47,8,0,2
BRDA:47,8,1,2
BRDA:48,9,0,0
BRDA:48,9,1,2
BRDA:51,10,0,1
BRDA:51,10,1,1
BRDA:62,11,0,2
BRDA:62,11,1,1
BRDA:63,12,0,1
BRDA:63,12,1,1
BRDA:66,13,0,1
BRDA:66,13,1,0
BRF:28
BRH:20
end_of_record
